<?xml version="1.0" encoding="UTF-8"?>
<!-- Generated by org.testng.reporters.JUnitReportReporter -->
<testsuite hostname="MVSK" failures="0" tests="1" name="GmailTest" time="26.148" errors="0" timestamp="2023-01-30T16:29:41 IST" skipped="0">
  <testcase classname="GmailTest" name="testSendEmail" time="26.148"/>
  <system-out/>
</testsuite> <!-- GmailTest -->
